TN:
SF:/mnt/c/Users/Oobie92/workspace/Nodejs/platziverse/platziverse-db/index.js
FN:10,(anonymous_0)
FNF:1
FNH:1
FNDA:12,(anonymous_0)
DA:3,12
DA:4,12
DA:5,12
DA:6,12
DA:7,12
DA:8,12
DA:10,12
DA:11,12
DA:23,12
DA:24,12
DA:25,12
DA:27,12
DA:28,12
DA:30,12
DA:32,12
DA:33,0
DA:36,12
DA:37,12
DA:39,12
LF:19
LH:18
BRDA:32,0,0,0
BRDA:32,0,1,12
BRF:2
BRH:1
end_of_record
TN:
SF:/mnt/c/Users/Oobie92/workspace/Nodejs/platziverse/platziverse-db/lib/agent.js
FN:3,setupAgent
FN:4,createOrUpdate
FN:23,findById
FN:27,findByUuid
FN:35,findAll
FN:39,findConnected
FN:47,findByUsername
FNF:7
FNH:5
FNDA:12,setupAgent
FNDA:2,createOrUpdate
FNDA:1,findById
FNDA:1,findByUuid
FNDA:1,findAll
FNDA:0,findConnected
FNDA:0,findByUsername
DA:3,2
DA:5,2
DA:11,2
DA:14,2
DA:15,1
DA:16,1
DA:19,1
DA:20,1
DA:24,1
DA:28,1
DA:36,1
DA:40,0
DA:48,0
DA:56,12
LF:14
LH:12
BRDA:14,0,0,1
BRDA:14,0,1,1
BRDA:16,1,0,1
BRDA:16,1,1,0
BRF:4
BRH:3
end_of_record
TN:
SF:/mnt/c/Users/Oobie92/workspace/Nodejs/platziverse/platziverse-db/lib/db.js
FN:6,setupDatabase
FNF:1
FNH:1
FNDA:12,setupDatabase
DA:3,2
DA:4,2
DA:6,2
DA:7,12
DA:8,2
DA:11,12
LF:6
LH:6
BRDA:7,0,0,2
BRDA:7,0,1,10
BRF:2
BRH:2
end_of_record
TN:
SF:/mnt/c/Users/Oobie92/workspace/Nodejs/platziverse/platziverse-db/lib/metric.js
FN:3,setupMetric
FN:4,findByAgentUuid
FN:19,findByTypeAgentUuid
FN:38,create
FNF:4
FNH:4
FNDA:12,setupMetric
FNDA:1,findByAgentUuid
FNDA:1,findByTypeAgentUuid
FNDA:1,create
DA:3,2
DA:5,1
DA:20,1
DA:39,1
DA:43,1
DA:44,1
DA:45,1
DA:46,1
DA:50,12
LF:9
LH:9
BRDA:43,0,0,1
BRDA:43,0,1,0
BRF:2
BRH:1
end_of_record
TN:
SF:/mnt/c/Users/Oobie92/workspace/Nodejs/platziverse/platziverse-db/models/agent.js
FN:6,setupAgentModel
FNF:1
FNH:0
FNDA:0,setupAgentModel
DA:3,2
DA:4,2
DA:6,2
DA:7,0
DA:9,0
LF:5
LH:3
BRF:0
BRH:0
end_of_record
TN:
SF:/mnt/c/Users/Oobie92/workspace/Nodejs/platziverse/platziverse-db/models/metric.js
FN:6,setupMetricModel
FNF:1
FNH:0
FNDA:0,setupMetricModel
DA:3,2
DA:4,2
DA:6,2
DA:7,0
DA:9,0
LF:5
LH:3
BRF:0
BRH:0
end_of_record
TN:
SF:/mnt/c/Users/Oobie92/workspace/Nodejs/platziverse/platziverse-db/tests/agent-tests.js
FN:10,(anonymous_4)
FN:46,(anonymous_5)
FN:77,(anonymous_6)
FN:78,(anonymous_7)
FN:83,(anonymous_8)
FN:87,(anonymous_9)
FN:91,(anonymous_10)
FN:98,(anonymous_11)
FN:108,(anonymous_12)
FN:118,(anonymous_13)
FN:130,(anonymous_14)
FN:140,(anonymous_15)
FNF:12
FNH:12
FNDA:7,(anonymous_4)
FNDA:7,(anonymous_5)
FNDA:7,(anonymous_6)
FNDA:7,(anonymous_7)
FNDA:6,(anonymous_8)
FNDA:1,(anonymous_9)
FNDA:1,(anonymous_10)
FNDA:1,(anonymous_11)
FNDA:1,(anonymous_12)
FNDA:1,(anonymous_13)
FNDA:1,(anonymous_14)
FNDA:1,(anonymous_15)
DA:3,1
DA:4,1
DA:5,1
DA:7,1
DA:9,1
DA:13,1
DA:17,1
DA:18,1
DA:19,1
DA:20,1
DA:21,1
DA:22,1
DA:23,1
DA:29,1
DA:33,1
DA:37,1
DA:46,1
DA:47,7
DA:48,7
DA:53,7
DA:54,7
DA:55,1
DA:59,7
DA:60,7
DA:63,7
DA:64,7
DA:67,7
DA:68,7
DA:71,7
DA:72,7
DA:73,7
DA:74,7
DA:76,7
DA:77,7
DA:78,7
DA:80,7
DA:83,1
DA:84,6
DA:87,1
DA:88,1
DA:91,4
DA:92,1
DA:93,1
DA:94,1
DA:95,1
DA:98,3
DA:99,1
DA:101,1
DA:102,1
DA:103,1
DA:105,1
DA:108,3
DA:109,1
DA:111,1
DA:112,1
DA:113,1
DA:115,1
DA:118,3
DA:119,1
DA:121,1
DA:122,1
DA:123,1
DA:125,1
DA:126,1
DA:130,3
DA:131,1
DA:133,1
DA:134,1
DA:135,1
DA:137,1
DA:140,6
DA:141,1
DA:143,1
DA:144,1
DA:145,1
DA:149,1
DA:150,1
DA:151,1
DA:153,1
LF:79
LH:79
BRDA:84,0,0,6
BRDA:84,0,1,6
BRF:2
BRH:2
end_of_record
TN:
SF:/mnt/c/Users/Oobie92/workspace/Nodejs/platziverse/platziverse-db/tests/metric-tests.js
FN:70,(anonymous_4)
FN:77,(anonymous_5)
FN:94,(anonymous_6)
FN:95,(anonymous_7)
FN:101,(anonymous_8)
FN:105,(anonymous_9)
FN:109,(anonymous_10)
FN:118,(anonymous_11)
FN:130,(anonymous_12)
FN:139,(anonymous_13)
FNF:10
FNH:10
FNDA:5,(anonymous_4)
FNDA:5,(anonymous_5)
FNDA:5,(anonymous_6)
FNDA:5,(anonymous_7)
FNDA:4,(anonymous_8)
FNDA:1,(anonymous_9)
FNDA:1,(anonymous_10)
FNDA:1,(anonymous_11)
FNDA:1,(anonymous_12)
FNDA:1,(anonymous_13)
DA:3,1
DA:4,1
DA:5,1
DA:6,1
DA:8,1
DA:9,1
DA:10,1
DA:11,1
DA:12,1
DA:21,1
DA:33,1
DA:37,1
DA:39,1
DA:52,1
DA:69,1
DA:73,1
DA:74,1
DA:75,1
DA:77,1
DA:78,5
DA:79,5
DA:85,5
DA:87,1
DA:90,5
DA:91,5
DA:93,5
DA:94,5
DA:95,5
DA:98,5
DA:101,1
DA:102,4
DA:105,1
DA:106,1
DA:109,6
DA:110,1
DA:111,1
DA:112,1
DA:113,1
DA:114,1
DA:115,1
DA:118,6
DA:119,1
DA:121,1
DA:122,1
DA:123,1
DA:124,1
DA:125,1
DA:126,1
DA:127,1
DA:130,3
DA:131,1
DA:132,1
DA:133,1
DA:134,1
DA:135,1
DA:136,1
DA:139,3
DA:140,1
DA:141,1
DA:142,1
DA:143,1
DA:144,1
DA:145,0
LF:63
LH:62
BRDA:102,0,0,4
BRDA:102,0,1,4
BRF:2
BRH:2
end_of_record
TN:
SF:/mnt/c/Users/Oobie92/workspace/Nodejs/platziverse/platziverse-db/tests/fixtures/agent.js
FN:22,extend
FN:30,(anonymous_1)
FN:31,(anonymous_2)
FN:32,(anonymous_3)
FN:32,(anonymous_4)
FN:33,(anonymous_5)
FN:33,(anonymous_6)
FNF:7
FNH:7
FNDA:3,extend
FNDA:4,(anonymous_1)
FNDA:4,(anonymous_2)
FNDA:8,(anonymous_3)
FNDA:32,(anonymous_4)
FNDA:8,(anonymous_5)
FNDA:32,(anonymous_6)
DA:3,1
DA:15,1
DA:23,3
DA:24,3
DA:27,1
DA:30,4
DA:31,4
DA:32,32
DA:33,32
LF:9
LH:9
BRF:0
BRH:0
end_of_record
TN:
SF:/mnt/c/Users/Oobie92/workspace/Nodejs/platziverse/platziverse-db/tests/fixtures/metric.js
FN:42,extendModel
FN:49,(anonymous_1)
FN:50,(anonymous_2)
FN:52,(anonymous_3)
FN:54,(anonymous_4)
FN:58,(anonymous_5)
FN:59,(anonymous_6)
FN:60,(anonymous_7)
FNF:8
FNH:8
FNDA:9,extendModel
FNDA:3,(anonymous_1)
FNDA:21,(anonymous_2)
FNDA:9,(anonymous_3)
FNDA:6,(anonymous_4)
FNDA:5,(anonymous_5)
FNDA:35,(anonymous_6)
FNDA:5,(anonymous_7)
DA:3,1
DA:12,1
DA:24,1
DA:35,1
DA:43,9
DA:44,9
DA:47,1
DA:50,21
DA:51,3
DA:52,9
DA:53,3
DA:54,6
DA:55,3
DA:59,35
DA:60,5
LF:15
LH:15
BRDA:59,0,0,35
BRDA:59,0,1,20
BRF:2
BRH:2
end_of_record
